-------------------------------------------------------------------------------
Test set: com.softcon.todomanagementspringboot.TodoManagementSpringBoot2ApplicationTests
-------------------------------------------------------------------------------
Tests run: 1, Failures: 0, Errors: 1, Skipped: 0, Time elapsed: 8.28 s <<< FAILURE! - in com.softcon.todomanagementspringboot.TodoManagementSpringBoot2ApplicationTests
initializationError(com.softcon.todomanagementspringboot.TodoManagementSpringBoot2ApplicationTests)  Time elapsed: 0.005 s  <<< ERROR!
java.lang.IllegalStateException: Unable to find a @SpringBootConfiguration, you need to use @ContextConfiguration or @SpringBootTest(classes=...) with your test

